proguard/seeds.txt
org.apache.http.impl.client.DefaultHttpRequestRetryHandler
org.apache.http.impl.client.DefaultProxyAuthenticationHandler
org.apache.http.impl.client.DefaultRedirectHandler
org.apache.http.impl.client.DefaultRedirectStrategy
org.apache.http.impl.client.DefaultRedirectStrategyAdaptor
org.apache.http.impl.client.DefaultRequestDirector
org.apache.http.impl.client.DefaultServiceUnavailableRetryStrategy
org.apache.http.impl.client.DefaultTargetAuthenticationHandler
org.apache.http.impl.client.DefaultUserTokenHandler
org.apache.http.impl.client.EntityEnclosingRequestWrapper
org.apache.http.impl.client.EntityEnclosingRequestWrapper$EntityWrapper
org.apache.http.impl.client.HttpAuthenticator
org.apache.http.impl.client.HttpAuthenticator$1
org.apache.http.impl.client.LaxRedirectStrategy
org.apache.http.impl.client.NullBackoffStrategy
org.apache.http.impl.client.ProxyAuthenticationStrategy
org.apache.http.impl.client.ProxyClient
org.apache.http.impl.client.ProxyClient$ProxyConnection
org.apache.http.impl.client.RedirectLocations
org.apache.http.impl.client.RequestWrapper
org.apache.http.impl.client.RoutedRequest
org.apache.http.impl.client.StandardHttpRequestRetryHandler
org.apache.http.impl.client.SystemClock
org.apache.http.impl.client.SystemDefaultHttpClient
org.apache.http.impl.client.TargetAuthenticationStrategy
org.apache.http.impl.client.TunnelRefusedException
org.apache.http.impl.client.cache.AsynchronousValidationRequest
org.apache.http.impl.client.cache.AsynchronousValidator
org.apache.http.impl.client.cache.BasicHttpCache
org.apache.http.impl.client.cache.BasicHttpCache$1
org.apache.http.impl.client.cache.BasicHttpCache$2
org.apache.http.impl.client.cache.BasicHttpCacheStorage
org.apache.http.impl.client.cache.BasicIdGenerator
org.apache.http.impl.client.cache.CacheConfig
org.apache.http.impl.client.cache.CacheEntity
org.apache.http.impl.client.cache.CacheEntryUpdater
org.apache.http.impl.client.cache.CacheInvalidator
org.apache.http.impl.client.cache.CacheKeyGenerator
org.apache.http.impl.client.cache.CacheMap
org.apache.http.impl.client.cache.CacheValidityPolicy
org.apache.http.impl.client.cache.CacheableRequestPolicy
org.apache.http.impl.client.cache.CachedHttpResponseGenerator
org.apache.http.impl.client.cache.CachedResponseSuitabilityChecker
org.apache.http.impl.client.cache.CachingHttpClient
org.apache.http.impl.client.cache.CombinedEntity
org.apache.http.impl.client.cache.CombinedEntity$ResourceStream
org.apache.http.impl.client.cache.ConditionalRequestBuilder
org.apache.http.impl.client.cache.DefaultHttpCacheEntrySerializer
org.apache.http.impl.client.cache.FileResource
org.apache.http.impl.client.cache.FileResourceFactory
org.apache.http.impl.client.cache.HeapResource
org.apache.http.impl.client.cache.HeapResourceFactory
org.apache.http.impl.client.cache.HttpCache
org.apache.http.impl.client.cache.IOUtils
org.apache.http.impl.client.cache.ManagedHttpCacheStorage
org.apache.http.impl.client.cache.OptionsHttp11Response
org.apache.http.impl.client.cache.RequestProtocolCompliance
org.apache.http.impl.client.cache.RequestProtocolCompliance$1
org.apache.http.impl.client.cache.RequestProtocolError
org.apache.http.impl.client.cache.RequestProtocolError: org.apache.http.impl.client.cache.RequestProtocolError[] values()
org.apache.http.impl.client.cache.RequestProtocolError: org.apache.http.impl.client.cache.RequestProtocolError valueOf(java.lang.String)
org.apache.http.impl.client.cache.ResourceReference
org.apache.http.impl.client.cache.ResponseCachingPolicy
org.apache.http.impl.client.cache.ResponseProtocolCompliance
org.apache.http.impl.client.cache.SizeLimitedResponseReader
org.apache.http.impl.client.cache.Variant
org.apache.http.impl.client.cache.WarningValue
org.apache.http.impl.client.cache.ehcache.EhcacheHttpCacheStorage
org.apache.http.impl.client.cache.memcached.KeyHashingScheme
org.apache.http.impl.client.cache.memcached.MemcachedCacheEntry
org.apache.http.impl.client.cache.memcached.MemcachedCacheEntryFactory