proguard/mapping.txt
org.apache.http.impl.conn.tsccm.BasicPoolEntryRef -> org.apache.http.impl.conn.tsccm.BasicPoolEntryRef:
org.apache.http.impl.conn.tsccm.BasicPooledConnAdapter -> org.apache.http.impl.conn.tsccm.BasicPooledConnAdapter:
    org.apache.http.conn.ClientConnectionManager getManager() -> p
    org.apache.http.impl.conn.AbstractPoolEntry getPoolEntry() -> t
    void detach() -> n
org.apache.http.impl.conn.tsccm.ConnPoolByRoute -> org.apache.http.impl.conn.tsccm.ConnPoolByRoute:
    org.apache.commons.logging.Log log -> n
    java.util.concurrent.locks.Lock poolLock -> o
    org.apache.http.conn.ClientConnectionOperator operator -> e
    org.apache.http.conn.params.ConnPerRoute connPerRoute -> f
    java.util.Set leasedConnections -> g
    java.util.Queue freeConnections -> h
    java.util.Queue waitingThreads -> i
    java.util.Map routeToPool -> j
    long connTTL -> p
    java.util.concurrent.TimeUnit connTTLTimeUnit -> q
    boolean shutdown -> k
    int maxTotalConnections -> l
    int numConnections -> m
    java.util.Queue createFreeConnQueue() -> b
    java.util.Queue createWaitingThreadQueue() -> c
    java.util.Map createRouteToPoolMap() -> d
    org.apache.http.impl.conn.tsccm.RouteSpecificPool newRouteSpecificPool(org.apache.http.conn.routing.HttpRoute) -> a
    org.apache.http.impl.conn.tsccm.WaitingThread newWaitingThread(java.util.concurrent.locks.Condition,org.apache.http.impl.conn.tsccm.RouteSpecificPool) -> a
    void closeConnection(org.apache.http.impl.conn.tsccm.BasicPoolEntry) -> b
    org.apache.http.impl.conn.tsccm.RouteSpecificPool getRoutePool(org.apache.http.conn.routing.HttpRoute,boolean) -> a
    org.apache.http.impl.conn.tsccm.PoolEntryRequest requestPoolEntry(org.apache.http.conn.routing.HttpRoute,java.lang.Object) -> a
org.apache.http.impl.conn.tsccm.ConnPoolByRoute$1 -> org.apache.http.impl.conn.tsccm.ConnPoolByRoute$1:
    org.apache.http.impl.conn.tsccm.WaitingThreadAborter val$aborter -> a
    org.apache.http.conn.routing.HttpRoute val$route -> b
    java.lang.Object val$state -> c
    org.apache.http.impl.conn.tsccm.ConnPoolByRoute this$0 -> d
    void abortRequest() -> a
    org.apache.http.impl.conn.tsccm.BasicPoolEntry getPoolEntry(long,java.util.concurrent.TimeUnit) -> a
org.apache.http.impl.conn.tsccm.PoolEntryRequest -> org.apache.http.impl.conn.tsccm.PoolEntryRequest:
    org.apache.http.impl.conn.tsccm.BasicPoolEntry getPoolEntry(long,java.util.concurrent.TimeUnit) -> a
    void abortRequest() -> a
org.apache.http.impl.conn.tsccm.RouteSpecificPool -> org.apache.http.impl.conn.tsccm.RouteSpecificPool:
    org.apache.commons.logging.Log log -> g
    org.apache.http.conn.routing.HttpRoute route -> a
    int maxEntries -> b
    org.apache.http.conn.params.ConnPerRoute connPerRoute -> c
    java.util.LinkedList freeEntries -> d
    java.util.Queue waitingThreads -> e
    int numEntries -> f
    org.apache.http.conn.routing.HttpRoute getRoute() -> a
    int getMaxEntries() -> b
    boolean isUnused() -> c
    int getCapacity() -> d
    org.apache.http.impl.conn.tsccm.BasicPoolEntry allocEntry(java.lang.Object) -> a
    void freeEntry(org.apache.http.impl.conn.tsccm.BasicPoolEntry) -> a
    void createdEntry(org.apache.http.impl.conn.tsccm.BasicPoolEntry) -> b
    boolean deleteEntry(org.apache.http.impl.conn.tsccm.BasicPoolEntry) -> c
    void dropEntry() -> e
    void queueThread(org.apache.http.impl.conn.tsccm.WaitingThread) -> a
    boolean hasThread() -> f
    org.apache.http.impl.conn.tsccm.WaitingThread nextThread() -> g
    void removeThread(org.apache.http.impl.conn.tsccm.WaitingThread) -> b
org.apache.http.impl.conn.tsccm.RouteSpecificPool$1 -> org.apache.http.impl.conn.tsccm.RouteSpecificPool$1:
    org.apache.http.impl.conn.tsccm.RouteSpecificPool this$0 -> a
    int getMaxForRoute(org.apache.http.conn.routing.HttpRoute) -> a