proguard/usage.txt
com.appssearch.Googleplay$ServerCommands$Builder:
    50461:50461:public static final com.google.protobuf.Descriptors$Descriptor getDescriptor()
    50487:50494:public com.appssearch.Googleplay$ServerCommands$Builder clear()
    50520:50525:private com.appssearch.Googleplay$ServerCommands buildParsed()
    50624:50624:public boolean hasClearCache()
    50627:50627:public boolean getClearCache()
    50636:50639:public com.appssearch.Googleplay$ServerCommands$Builder clearClearCache()
    50645:50645:public boolean hasDisplayErrorMessage()
    50648:50654:public java.lang.String getDisplayErrorMessage()
    50667:50670:public com.appssearch.Googleplay$ServerCommands$Builder clearDisplayErrorMessage()
    50673:50676:void setDisplayErrorMessage(com.google.protobuf.ByteString)
    50681:50681:public boolean hasLogErrorStacktrace()
    50684:50690:public java.lang.String getLogErrorStacktrace()
    50703:50706:public com.appssearch.Googleplay$ServerCommands$Builder clearLogErrorStacktrace()
    50709:50712:void setLogErrorStacktrace(com.google.protobuf.ByteString)
    1:1:public bridge synthetic com.google.protobuf.MessageLite buildPartial()
    1:1:public bridge synthetic com.google.protobuf.Message$Builder mergeFrom(com.google.protobuf.CodedInputStream,com.google.protobuf.ExtensionRegistryLite)
    1:1:public bridge synthetic com.google.protobuf.MessageLite$Builder clone()
    1:1:public bridge synthetic com.google.protobuf.Message$Builder clone()
com.appssearch.Googleplay$ServerCommandsOrBuilder:
    public abstract boolean hasClearCache()
    public abstract boolean getClearCache()
    public abstract boolean hasDisplayErrorMessage()
    public abstract java.lang.String getDisplayErrorMessage()
    public abstract boolean hasLogErrorStacktrace()
    public abstract java.lang.String getLogErrorStacktrace()
com.appssearch.Googleplay$SignatureHashProto:
    public static final int PACKAGENAME_FIELD_NUMBER
    public static final int VERSIONCODE_FIELD_NUMBER
    public static final int HASH_FIELD_NUMBER
    private static final long serialVersionUID
    11823:11823:protected java.lang.Object writeReplace()
    11829:11829:public static com.appssearch.Googleplay$SignatureHashProto parseFrom(com.google.protobuf.ByteString)
    11835:11835:public static com.appssearch.Googleplay$SignatureHashProto parseFrom(com.google.protobuf.ByteString,com.google.protobuf.ExtensionRegistryLite)
    11840:11840:public static com.appssearch.Googleplay$SignatureHashProto parseFrom(byte[])
    11846:11846:public static com.appssearch.Googleplay$SignatureHashProto parseFrom(byte[],com.google.protobuf.ExtensionRegistryLite)
    11851:11851:public static com.appssearch.Googleplay$SignatureHashProto parseFrom(java.io.InputStream)
    11857:11857:public static com.appssearch.Googleplay$SignatureHashProto parseFrom(java.io.InputStream,com.google.protobuf.ExtensionRegistryLite)
    11862:11866:public static com.appssearch.Googleplay$SignatureHashProto parseDelimitedFrom(java.io.InputStream)
    11873:11877:public static com.appssearch.Googleplay$SignatureHashProto parseDelimitedFrom(java.io.InputStream,com.google.protobuf.ExtensionRegistryLite)
    11883:11883:public static com.appssearch.Googleplay$SignatureHashProto parseFrom(com.google.protobuf.CodedInputStream)